2023-11-20 10:55:11,801 [Worker-2: Loading available Gradle versions] INFO  o.e.b.c.i.u.g.PublishedGradleVersions - Gradle version information cache is up-to-date. Trying to read.
2023-11-21 12:15:01,687 [Worker-5: Loading available Gradle versions] INFO  o.e.b.c.i.u.g.PublishedGradleVersions - Gradle version information cache is out-of-date. Trying to update.
2023-11-21 14:15:42,718 [Worker-2: Loading available Gradle versions] INFO  o.e.b.c.i.u.g.PublishedGradleVersions - Gradle version information cache is up-to-date. Trying to read.
2023-11-21 14:58:16,904 [Worker-2: Loading available Gradle versions] INFO  o.e.b.c.i.u.g.PublishedGradleVersions - Gradle version information cache is up-to-date. Trying to read.
2023-11-21 15:01:43,572 [ModalContext] INFO  o.e.m.c.i.e.AbstractTransferListenerAdapter - Downloading https://repo.maven.apache.org/maven2/org/apache/maven/archetypes/maven-archetype-quickstart/1.4/maven-archetype-quickstart-1.4.pom
2023-11-21 15:01:44,862 [ModalContext] INFO  o.e.m.c.i.e.AbstractTransferListenerAdapter - Downloaded https://repo.maven.apache.org/maven2/org/apache/maven/archetypes/maven-archetype-quickstart/1.4/maven-archetype-quickstart-1.4.pom
2023-11-21 15:01:45,144 [ModalContext] INFO  o.e.m.c.i.e.AbstractTransferListenerAdapter - Downloading https://repo.maven.apache.org/maven2/org/apache/maven/archetypes/maven-archetype-quickstart/1.4/maven-archetype-quickstart-1.4.jar
2023-11-21 15:01:45,634 [ModalContext] INFO  o.e.m.c.i.e.AbstractTransferListenerAdapter - Downloaded https://repo.maven.apache.org/maven2/org/apache/maven/archetypes/maven-archetype-quickstart/1.4/maven-archetype-quickstart-1.4.jar
2023-11-21 15:02:34,109 [Worker-8: Launching mavenrun-3674a9bf-e663-4930-b84c-53776c3a622f] INFO  o.eclipse.m2e.core.internal.Bundles - getClasspathEntries(Bundle=org.eclipse.m2e.maven.runtime_3.9.400.20230826-0755 [621])
2023-11-21 15:02:34,117 [Worker-8: Launching mavenrun-3674a9bf-e663-4930-b84c-53776c3a622f] INFO  o.eclipse.m2e.core.internal.Bundles - 	Entry: C:\Users\user\.p2\pool\plugins\org.eclipse.m2e.maven.runtime_3.9.400.20230826-0755
2023-11-21 15:02:34,118 [Worker-8: Launching mavenrun-3674a9bf-e663-4930-b84c-53776c3a622f] INFO  o.eclipse.m2e.core.internal.Bundles - 	Entry: C:\Users\user\.p2\pool\plugins\org.eclipse.m2e.maven.runtime_3.9.400.20230826-0755\jars\aether-connector-okhttp-0.17.8.jar
2023-11-21 15:02:34,119 [Worker-8: Launching mavenrun-3674a9bf-e663-4930-b84c-53776c3a622f] INFO  o.eclipse.m2e.core.internal.Bundles - 	Entry: C:\Users\user\.p2\pool\plugins\org.eclipse.m2e.maven.runtime_3.9.400.20230826-0755\jars\aopalliance-1.0.jar
2023-11-21 15:02:34,119 [Worker-8: Launching mavenrun-3674a9bf-e663-4930-b84c-53776c3a622f] INFO  o.eclipse.m2e.core.internal.Bundles - 	Entry: C:\Users\user\.p2\pool\plugins\org.eclipse.m2e.maven.runtime_3.9.400.20230826-0755\jars\commons-lang3-3.12.0.jar
2023-11-21 15:02:34,119 [Worker-8: Launching mavenrun-3674a9bf-e663-4930-b84c-53776c3a622f] INFO  o.eclipse.m2e.core.internal.Bundles - 	Entry: C:\Users\user\.p2\pool\plugins\org.eclipse.m2e.maven.runtime_3.9.400.20230826-0755\jars\guice-5.1.0.jar
2023-11-21 15:02:34,119 [Worker-8: Launching mavenrun-3674a9bf-e663-4930-b84c-53776c3a622f] INFO  o.eclipse.m2e.core.internal.Bundles - 	Entry: C:\Users\user\.p2\pool\plugins\org.eclipse.m2e.maven.runtime_3.9.400.20230826-0755\jars\jansi-2.4.0.jar
2023-11-21 15:02:34,120 [Worker-8: Launching mavenrun-3674a9bf-e663-4930-b84c-53776c3a622f] INFO  o.eclipse.m2e.core.internal.Bundles - 	Entry: C:\Users\user\.p2\pool\plugins\org.eclipse.m2e.maven.runtime_3.9.400.20230826-0755\jars\maven-artifact-3.9.4.jar
2023-11-21 15:02:34,120 [Worker-8: Launching mavenrun-3674a9bf-e663-4930-b84c-53776c3a622f] INFO  o.eclipse.m2e.core.internal.Bundles - 	Entry: C:\Users\user\.p2\pool\plugins\org.eclipse.m2e.maven.runtime_3.9.400.20230826-0755\jars\maven-builder-support-3.9.4.jar
2023-11-21 15:02:34,120 [Worker-8: Launching mavenrun-3674a9bf-e663-4930-b84c-53776c3a622f] INFO  o.eclipse.m2e.core.internal.Bundles - 	Entry: C:\Users\user\.p2\pool\plugins\org.eclipse.m2e.maven.runtime_3.9.400.20230826-0755\jars\maven-compat-3.9.4.jar
2023-11-21 15:02:34,121 [Worker-8: Launching mavenrun-3674a9bf-e663-4930-b84c-53776c3a622f] INFO  o.eclipse.m2e.core.internal.Bundles - 	Entry: C:\Users\user\.p2\pool\plugins\org.eclipse.m2e.maven.runtime_3.9.400.20230826-0755\jars\maven-core-3.9.4.jar
2023-11-21 15:02:34,121 [Worker-8: Launching mavenrun-3674a9bf-e663-4930-b84c-53776c3a622f] INFO  o.eclipse.m2e.core.internal.Bundles - 	Entry: C:\Users\user\.p2\pool\plugins\org.eclipse.m2e.maven.runtime_3.9.400.20230826-0755\jars\maven-embedder-3.9.4.jar
2023-11-21 15:02:34,121 [Worker-8: Launching mavenrun-3674a9bf-e663-4930-b84c-53776c3a622f] INFO  o.eclipse.m2e.core.internal.Bundles - 	Entry: C:\Users\user\.p2\pool\plugins\org.eclipse.m2e.maven.runtime_3.9.400.20230826-0755\jars\maven-model-3.9.4.jar
2023-11-21 15:02:34,121 [Worker-8: Launching mavenrun-3674a9bf-e663-4930-b84c-53776c3a622f] INFO  o.eclipse.m2e.core.internal.Bundles - 	Entry: C:\Users\user\.p2\pool\plugins\org.eclipse.m2e.maven.runtime_3.9.400.20230826-0755\jars\maven-model-builder-3.9.4.jar
2023-11-21 15:02:34,122 [Worker-8: Launching mavenrun-3674a9bf-e663-4930-b84c-53776c3a622f] INFO  o.eclipse.m2e.core.internal.Bundles - 	Entry: C:\Users\user\.p2\pool\plugins\org.eclipse.m2e.maven.runtime_3.9.400.20230826-0755\jars\maven-plugin-api-3.9.4.jar
2023-11-21 15:02:34,122 [Worker-8: Launching mavenrun-3674a9bf-e663-4930-b84c-53776c3a622f] INFO  o.eclipse.m2e.core.internal.Bundles - 	Entry: C:\Users\user\.p2\pool\plugins\org.eclipse.m2e.maven.runtime_3.9.400.20230826-0755\jars\maven-repository-metadata-3.9.4.jar
2023-11-21 15:02:34,122 [Worker-8: Launching mavenrun-3674a9bf-e663-4930-b84c-53776c3a622f] INFO  o.eclipse.m2e.core.internal.Bundles - 	Entry: C:\Users\user\.p2\pool\plugins\org.eclipse.m2e.maven.runtime_3.9.400.20230826-0755\jars\maven-resolver-api-1.9.14.jar
2023-11-21 15:02:34,123 [Worker-8: Launching mavenrun-3674a9bf-e663-4930-b84c-53776c3a622f] INFO  o.eclipse.m2e.core.internal.Bundles - 	Entry: C:\Users\user\.p2\pool\plugins\org.eclipse.m2e.maven.runtime_3.9.400.20230826-0755\jars\maven-resolver-connector-basic-1.9.14.jar
2023-11-21 15:02:34,123 [Worker-8: Launching mavenrun-3674a9bf-e663-4930-b84c-53776c3a622f] INFO  o.eclipse.m2e.core.internal.Bundles - 	Entry: C:\Users\user\.p2\pool\plugins\org.eclipse.m2e.maven.runtime_3.9.400.20230826-0755\jars\maven-resolver-impl-1.9.14.jar
2023-11-21 15:02:34,123 [Worker-8: Launching mavenrun-3674a9bf-e663-4930-b84c-53776c3a622f] INFO  o.eclipse.m2e.core.internal.Bundles - 	Entry: C:\Users\user\.p2\pool\plugins\org.eclipse.m2e.maven.runtime_3.9.400.20230826-0755\jars\maven-resolver-named-locks-1.9.14.jar
2023-11-21 15:02:34,124 [Worker-8: Launching mavenrun-3674a9bf-e663-4930-b84c-53776c3a622f] INFO  o.eclipse.m2e.core.internal.Bundles - 	Entry: C:\Users\user\.p2\pool\plugins\org.eclipse.m2e.maven.runtime_3.9.400.20230826-0755\jars\maven-resolver-provider-3.9.4.jar
2023-11-21 15:02:34,124 [Worker-8: Launching mavenrun-3674a9bf-e663-4930-b84c-53776c3a622f] INFO  o.eclipse.m2e.core.internal.Bundles - 	Entry: C:\Users\user\.p2\pool\plugins\org.eclipse.m2e.maven.runtime_3.9.400.20230826-0755\jars\maven-resolver-spi-1.9.14.jar
2023-11-21 15:02:34,124 [Worker-8: Launching mavenrun-3674a9bf-e663-4930-b84c-53776c3a622f] INFO  o.eclipse.m2e.core.internal.Bundles - 	Entry: C:\Users\user\.p2\pool\plugins\org.eclipse.m2e.maven.runtime_3.9.400.20230826-0755\jars\maven-resolver-transport-wagon-1.9.14.jar
2023-11-21 15:02:34,125 [Worker-8: Launching mavenrun-3674a9bf-e663-4930-b84c-53776c3a622f] INFO  o.eclipse.m2e.core.internal.Bundles - 	Entry: C:\Users\user\.p2\pool\plugins\org.eclipse.m2e.maven.runtime_3.9.400.20230826-0755\jars\maven-resolver-util-1.9.14.jar
2023-11-21 15:02:34,125 [Worker-8: Launching mavenrun-3674a9bf-e663-4930-b84c-53776c3a622f] INFO  o.eclipse.m2e.core.internal.Bundles - 	Entry: C:\Users\user\.p2\pool\plugins\org.eclipse.m2e.maven.runtime_3.9.400.20230826-0755\jars\maven-settings-3.9.4.jar
2023-11-21 15:02:34,125 [Worker-8: Launching mavenrun-3674a9bf-e663-4930-b84c-53776c3a622f] INFO  o.eclipse.m2e.core.internal.Bundles - 	Entry: C:\Users\user\.p2\pool\plugins\org.eclipse.m2e.maven.runtime_3.9.400.20230826-0755\jars\maven-settings-builder-3.9.4.jar
2023-11-21 15:02:34,126 [Worker-8: Launching mavenrun-3674a9bf-e663-4930-b84c-53776c3a622f] INFO  o.eclipse.m2e.core.internal.Bundles - 	Entry: C:\Users\user\.p2\pool\plugins\org.eclipse.m2e.maven.runtime_3.9.400.20230826-0755\jars\maven-shared-utils-3.3.4.jar
2023-11-21 15:02:34,126 [Worker-8: Launching mavenrun-3674a9bf-e663-4930-b84c-53776c3a622f] INFO  o.eclipse.m2e.core.internal.Bundles - 	Entry: C:\Users\user\.p2\pool\plugins\org.eclipse.m2e.maven.runtime_3.9.400.20230826-0755\jars\okhttp-3.14.1.jar
2023-11-21 15:02:34,127 [Worker-8: Launching mavenrun-3674a9bf-e663-4930-b84c-53776c3a622f] INFO  o.eclipse.m2e.core.internal.Bundles - 	Entry: C:\Users\user\.p2\pool\plugins\org.eclipse.m2e.maven.runtime_3.9.400.20230826-0755\jars\okio-1.17.3.jar
2023-11-21 15:02:34,127 [Worker-8: Launching mavenrun-3674a9bf-e663-4930-b84c-53776c3a622f] INFO  o.eclipse.m2e.core.internal.Bundles - 	Entry: C:\Users\user\.p2\pool\plugins\org.eclipse.m2e.maven.runtime_3.9.400.20230826-0755\jars\org.eclipse.sisu.inject-0.3.5.jar
2023-11-21 15:02:34,127 [Worker-8: Launching mavenrun-3674a9bf-e663-4930-b84c-53776c3a622f] INFO  o.eclipse.m2e.core.internal.Bundles - 	Entry: C:\Users\user\.p2\pool\plugins\org.eclipse.m2e.maven.runtime_3.9.400.20230826-0755\jars\org.eclipse.sisu.plexus-0.3.5.jar
2023-11-21 15:02:34,128 [Worker-8: Launching mavenrun-3674a9bf-e663-4930-b84c-53776c3a622f] INFO  o.eclipse.m2e.core.internal.Bundles - 	Entry: C:\Users\user\.p2\pool\plugins\org.eclipse.m2e.maven.runtime_3.9.400.20230826-0755\jars\plexus-build-api-0.0.7.jar
2023-11-21 15:02:34,128 [Worker-8: Launching mavenrun-3674a9bf-e663-4930-b84c-53776c3a622f] INFO  o.eclipse.m2e.core.internal.Bundles - 	Entry: C:\Users\user\.p2\pool\plugins\org.eclipse.m2e.maven.runtime_3.9.400.20230826-0755\jars\plexus-cipher-2.0.jar
2023-11-21 15:02:34,128 [Worker-8: Launching mavenrun-3674a9bf-e663-4930-b84c-53776c3a622f] INFO  o.eclipse.m2e.core.internal.Bundles - 	Entry: C:\Users\user\.p2\pool\plugins\org.eclipse.m2e.maven.runtime_3.9.400.20230826-0755\jars\plexus-classworlds-2.7.0.jar
2023-11-21 15:02:34,129 [Worker-8: Launching mavenrun-3674a9bf-e663-4930-b84c-53776c3a622f] INFO  o.eclipse.m2e.core.internal.Bundles - 	Entry: C:\Users\user\.p2\pool\plugins\org.eclipse.m2e.maven.runtime_3.9.400.20230826-0755\jars\plexus-component-annotations-2.1.0.jar
2023-11-21 15:02:34,129 [Worker-8: Launching mavenrun-3674a9bf-e663-4930-b84c-53776c3a622f] INFO  o.eclipse.m2e.core.internal.Bundles - 	Entry: C:\Users\user\.p2\pool\plugins\org.eclipse.m2e.maven.runtime_3.9.400.20230826-0755\jars\plexus-interpolation-1.26.jar
2023-11-21 15:02:34,129 [Worker-8: Launching mavenrun-3674a9bf-e663-4930-b84c-53776c3a622f] INFO  o.eclipse.m2e.core.internal.Bundles - 	Entry: C:\Users\user\.p2\pool\plugins\org.eclipse.m2e.maven.runtime_3.9.400.20230826-0755\jars\plexus-sec-dispatcher-2.0.jar
2023-11-21 15:02:34,130 [Worker-8: Launching mavenrun-3674a9bf-e663-4930-b84c-53776c3a622f] INFO  o.eclipse.m2e.core.internal.Bundles - 	Entry: C:\Users\user\.p2\pool\plugins\org.eclipse.m2e.maven.runtime_3.9.400.20230826-0755\jars\plexus-utils-3.5.1.jar
2023-11-21 15:02:34,130 [Worker-8: Launching mavenrun-3674a9bf-e663-4930-b84c-53776c3a622f] INFO  o.eclipse.m2e.core.internal.Bundles - 	Entry: C:\Users\user\.p2\pool\plugins\org.eclipse.m2e.maven.runtime_3.9.400.20230826-0755\jars\wagon-file-3.5.3.jar
2023-11-21 15:02:34,130 [Worker-8: Launching mavenrun-3674a9bf-e663-4930-b84c-53776c3a622f] INFO  o.eclipse.m2e.core.internal.Bundles - 	Entry: C:\Users\user\.p2\pool\plugins\org.eclipse.m2e.maven.runtime_3.9.400.20230826-0755\jars\wagon-provider-api-3.5.3.jar
2023-11-21 15:02:34,151 [Worker-8: Launching mavenrun-3674a9bf-e663-4930-b84c-53776c3a622f] INFO  o.eclipse.m2e.core.internal.Bundles - getClasspathEntries(Bundle=com.google.guava_32.1.2.jre [12])
2023-11-21 15:02:34,152 [Worker-8: Launching mavenrun-3674a9bf-e663-4930-b84c-53776c3a622f] INFO  o.eclipse.m2e.core.internal.Bundles - 	Entry: C:\Users\user\.p2\pool\plugins\com.google.guava_32.1.2.jre.jar
2023-11-21 15:02:34,152 [Worker-8: Launching mavenrun-3674a9bf-e663-4930-b84c-53776c3a622f] INFO  o.eclipse.m2e.core.internal.Bundles - getClasspathEntries(Bundle=slf4j.api_2.0.9 [982])
2023-11-21 15:02:34,153 [Worker-8: Launching mavenrun-3674a9bf-e663-4930-b84c-53776c3a622f] INFO  o.eclipse.m2e.core.internal.Bundles - 	Entry: C:\Users\user\.p2\pool\plugins\slf4j.api_2.0.9.jar
2023-11-21 15:02:34,153 [Worker-8: Launching mavenrun-3674a9bf-e663-4930-b84c-53776c3a622f] INFO  o.eclipse.m2e.core.internal.Bundles - getClasspathEntries(Bundle=javax.inject_1.0.0.v20220405-0441 [38])
2023-11-21 15:02:34,154 [Worker-8: Launching mavenrun-3674a9bf-e663-4930-b84c-53776c3a622f] INFO  o.eclipse.m2e.core.internal.Bundles - 	Entry: C:\Users\user\.p2\pool\plugins\javax.inject_1.0.0.v20220405-0441.jar
2023-11-21 15:02:34,154 [Worker-8: Launching mavenrun-3674a9bf-e663-4930-b84c-53776c3a622f] INFO  o.eclipse.m2e.core.internal.Bundles - getClasspathEntries(Bundle=javax.annotation_1.3.5.v20200909-1856 [36])
2023-11-21 15:02:34,154 [Worker-8: Launching mavenrun-3674a9bf-e663-4930-b84c-53776c3a622f] INFO  o.eclipse.m2e.core.internal.Bundles - 	Entry: C:\Users\user\.p2\pool\plugins\javax.annotation_1.3.5.v20200909-1856.jar
2023-11-21 15:02:34,154 [Worker-8: Launching mavenrun-3674a9bf-e663-4930-b84c-53776c3a622f] INFO  o.eclipse.m2e.core.internal.Bundles - getClasspathEntries(Bundle=org.apache.commons.cli_1.5.0 [73])
2023-11-21 15:02:34,155 [Worker-8: Launching mavenrun-3674a9bf-e663-4930-b84c-53776c3a622f] INFO  o.eclipse.m2e.core.internal.Bundles - 	Entry: C:\Users\user\.p2\pool\plugins\org.apache.commons.cli_1.5.0.jar
2023-11-21 15:02:34,155 [Worker-8: Launching mavenrun-3674a9bf-e663-4930-b84c-53776c3a622f] INFO  o.eclipse.m2e.core.internal.Bundles - getClasspathEntries(Bundle=com.google.guava.failureaccess_1.0.1 [14])
2023-11-21 15:02:34,155 [Worker-8: Launching mavenrun-3674a9bf-e663-4930-b84c-53776c3a622f] INFO  o.eclipse.m2e.core.internal.Bundles - 	Entry: C:\Users\user\.p2\pool\plugins\com.google.guava.failureaccess_1.0.1.jar
2023-11-21 15:02:34,181 [Worker-8: Launching mavenrun-3674a9bf-e663-4930-b84c-53776c3a622f] INFO  o.e.m.i.launch.MavenLaunchDelegate - Run build in "C:\Users\user\AppData\Local\Temp\m2e-archetypeGenerator4632434351654896608":
2023-11-21 15:02:34,187 [Worker-8: Launching mavenrun-3674a9bf-e663-4930-b84c-53776c3a622f] INFO  o.e.m.i.launch.MavenLaunchDelegate -  mvn  -DarchetypeGroupId=org.apache.maven.archetypes -DarchetypeArtifactId=maven-archetype-quickstart -DarchetypeVersion=1.4 -DgroupId=in.kmit -DartifactId=sample -Dversion=0.0.1-SNAPSHOT -Dpackage=in.kmit.sample -DoutputDirectory=D:\sample -Dstyle.color=always -U archetype:generate
2023-11-21 15:04:04,620 [Worker-1: Creating maven-archetype-quickstart] INFO  o.e.m.c.i.p.ProjectConfigurationManager - Collecting project info '/pom.xml' D:\sample\sample\pom.xml
2023-11-21 15:04:06,426 [Worker-1: Creating maven-archetype-quickstart] INFO  o.e.m.c.i.e.AbstractTransferListenerAdapter - Downloading https://repo.maven.apache.org/maven2/org/apache/maven/plugins/maven-jar-plugin/3.0.2/maven-jar-plugin-3.0.2.jar
2023-11-21 15:04:07,183 [Worker-1: Creating maven-archetype-quickstart] INFO  o.e.m.c.i.e.AbstractTransferListenerAdapter - Downloaded https://repo.maven.apache.org/maven2/org/apache/maven/plugins/maven-jar-plugin/3.0.2/maven-jar-plugin-3.0.2.jar
2023-11-21 15:04:07,765 [Worker-1: Creating maven-archetype-quickstart] INFO  o.e.m.c.i.e.AbstractTransferListenerAdapter - Downloading https://repo.maven.apache.org/maven2/org/apache/maven/plugins/maven-site-plugin/3.7.1/maven-site-plugin-3.7.1.jar
2023-11-21 15:04:09,790 [Worker-1: Creating maven-archetype-quickstart] INFO  o.e.m.c.i.e.AbstractTransferListenerAdapter - Downloaded https://repo.maven.apache.org/maven2/org/apache/maven/plugins/maven-site-plugin/3.7.1/maven-site-plugin-3.7.1.jar
2023-11-21 15:04:12,378 [Worker-1: Creating maven-archetype-quickstart] INFO  o.e.m.c.i.l.LifecycleMappingFactory - Using org.eclipse.m2e.jdt.JarLifecycleMapping lifecycle mapping for MavenProject: in.kmit:sample:0.0.1-SNAPSHOT @ D:\sample\sample\pom.xml.
2023-11-21 15:04:12,975 [Worker-1: Creating maven-archetype-quickstart] INFO  o.e.m.c.i.e.AbstractTransferListenerAdapter - Downloading https://repo.maven.apache.org/maven2/org/apache/maven/plugins/maven-jar-plugin/3.0.2/maven-jar-plugin-3.0.2.pom
2023-11-21 15:04:13,402 [Worker-1: Creating maven-archetype-quickstart] INFO  o.e.m.c.i.e.AbstractTransferListenerAdapter - Downloaded https://repo.maven.apache.org/maven2/org/apache/maven/plugins/maven-jar-plugin/3.0.2/maven-jar-plugin-3.0.2.pom
2023-11-21 15:04:13,714 [Worker-1: Creating maven-archetype-quickstart] INFO  o.e.m.c.i.e.AbstractTransferListenerAdapter - Downloading https://repo.maven.apache.org/maven2/org/apache/maven/maven-archiver/3.1.1/maven-archiver-3.1.1.pom
2023-11-21 15:04:13,961 [Worker-1: Creating maven-archetype-quickstart] INFO  o.e.m.c.i.e.AbstractTransferListenerAdapter - Downloaded https://repo.maven.apache.org/maven2/org/apache/maven/maven-archiver/3.1.1/maven-archiver-3.1.1.pom
2023-11-21 15:04:14,405 [Worker-1: Creating maven-archetype-quickstart] INFO  o.e.m.c.i.e.AbstractTransferListenerAdapter - Downloading https://repo.maven.apache.org/maven2/org/apache/maven/shared/maven-shared-utils/3.0.1/maven-shared-utils-3.0.1.pom
2023-11-21 15:04:14,983 [Worker-1: Creating maven-archetype-quickstart] INFO  o.e.m.c.i.e.AbstractTransferListenerAdapter - Downloaded https://repo.maven.apache.org/maven2/org/apache/maven/shared/maven-shared-utils/3.0.1/maven-shared-utils-3.0.1.pom
2023-11-21 15:04:15,536 [Worker-1: Creating maven-archetype-quickstart] INFO  o.e.m.c.i.e.AbstractTransferListenerAdapter - Downloading https://repo.maven.apache.org/maven2/org/codehaus/plexus/plexus-archiver/3.3/plexus-archiver-3.3.pom
2023-11-21 15:04:15,800 [Worker-1: Creating maven-archetype-quickstart] INFO  o.e.m.c.i.e.AbstractTransferListenerAdapter - Downloaded https://repo.maven.apache.org/maven2/org/codehaus/plexus/plexus-archiver/3.3/plexus-archiver-3.3.pom
2023-11-21 15:04:15,956 [Worker-1: Creating maven-archetype-quickstart] INFO  o.e.m.c.i.e.AbstractTransferListenerAdapter - Downloading https://repo.maven.apache.org/maven2/org/codehaus/plexus/plexus/3.2/plexus-3.2.pom
2023-11-21 15:04:16,475 [Worker-1: Creating maven-archetype-quickstart] INFO  o.e.m.c.i.e.AbstractTransferListenerAdapter - Downloaded https://repo.maven.apache.org/maven2/org/codehaus/plexus/plexus/3.2/plexus-3.2.pom
2023-11-21 15:04:16,665 [Worker-1: Creating maven-archetype-quickstart] INFO  o.e.m.c.i.e.AbstractTransferListenerAdapter - Downloading https://repo.maven.apache.org/maven2/org/codehaus/plexus/plexus-io/2.7.1/plexus-io-2.7.1.pom
2023-11-21 15:04:17,338 [Worker-1: Creating maven-archetype-quickstart] INFO  o.e.m.c.i.e.AbstractTransferListenerAdapter - Downloaded https://repo.maven.apache.org/maven2/org/codehaus/plexus/plexus-io/2.7.1/plexus-io-2.7.1.pom
2023-11-21 15:04:17,688 [Worker-1: Creating maven-archetype-quickstart] INFO  o.e.m.c.i.e.AbstractTransferListenerAdapter - Downloading https://repo.maven.apache.org/maven2/org/apache/commons/commons-compress/1.11/commons-compress-1.11.pom
2023-11-21 15:04:18,365 [Worker-1: Creating maven-archetype-quickstart] INFO  o.e.m.c.i.e.AbstractTransferListenerAdapter - Downloaded https://repo.maven.apache.org/maven2/org/apache/commons/commons-compress/1.11/commons-compress-1.11.pom
2023-11-21 15:04:18,546 [Worker-1: Creating maven-archetype-quickstart] INFO  o.e.m.c.i.e.AbstractTransferListenerAdapter - Downloading https://repo.maven.apache.org/maven2/org/tukaani/xz/1.5/xz-1.5.pom
2023-11-21 15:04:19,136 [Worker-1: Creating maven-archetype-quickstart] INFO  o.e.m.c.i.e.AbstractTransferListenerAdapter - Downloaded https://repo.maven.apache.org/maven2/org/tukaani/xz/1.5/xz-1.5.pom
2023-11-21 15:04:19,529 [Worker-1: Creating maven-archetype-quickstart] INFO  o.e.m.c.i.e.AbstractTransferListenerAdapter - Downloading https://repo.maven.apache.org/maven2/org/codehaus/plexus/plexus-archiver/3.4/plexus-archiver-3.4.pom
2023-11-21 15:04:19,802 [Worker-1: Creating maven-archetype-quickstart] INFO  o.e.m.c.i.e.AbstractTransferListenerAdapter - Downloaded https://repo.maven.apache.org/maven2/org/codehaus/plexus/plexus-archiver/3.4/plexus-archiver-3.4.pom
2023-11-21 15:04:19,942 [AetherRepositoryConnector-repo.maven.apache.org-0-1] INFO  o.e.m.c.i.e.AbstractTransferListenerAdapter - Downloading https://repo.maven.apache.org/maven2/org/apache/maven/shared/maven-shared-utils/3.0.1/maven-shared-utils-3.0.1.jar
2023-11-21 15:04:20,423 [AetherRepositoryConnector-repo.maven.apache.org-0-0] INFO  o.e.m.c.i.e.AbstractTransferListenerAdapter - Downloading https://repo.maven.apache.org/maven2/org/apache/maven/maven-archiver/3.1.1/maven-archiver-3.1.1.jar
2023-11-21 15:04:20,423 [AetherRepositoryConnector-repo.maven.apache.org-0-3] INFO  o.e.m.c.i.e.AbstractTransferListenerAdapter - Downloading https://repo.maven.apache.org/maven2/org/codehaus/plexus/plexus-io/2.7.1/plexus-io-2.7.1.jar
2023-11-21 15:04:20,423 [AetherRepositoryConnector-repo.maven.apache.org-0-4] INFO  o.e.m.c.i.e.AbstractTransferListenerAdapter - Downloading https://repo.maven.apache.org/maven2/org/apache/commons/commons-compress/1.11/commons-compress-1.11.jar
2023-11-21 15:04:20,423 [AetherRepositoryConnector-repo.maven.apache.org-0-2] INFO  o.e.m.c.i.e.AbstractTransferListenerAdapter - Downloading https://repo.maven.apache.org/maven2/org/codehaus/plexus/plexus-archiver/3.4/plexus-archiver-3.4.jar
2023-11-21 15:04:20,711 [AetherRepositoryConnector-repo.maven.apache.org-0-1] INFO  o.e.m.c.i.e.AbstractTransferListenerAdapter - Downloaded https://repo.maven.apache.org/maven2/org/apache/maven/shared/maven-shared-utils/3.0.1/maven-shared-utils-3.0.1.jar
2023-11-21 15:04:21,014 [AetherRepositoryConnector-repo.maven.apache.org-0-0] INFO  o.e.m.c.i.e.AbstractTransferListenerAdapter - Downloaded https://repo.maven.apache.org/maven2/org/apache/maven/maven-archiver/3.1.1/maven-archiver-3.1.1.jar
2023-11-21 15:04:21,053 [AetherRepositoryConnector-repo.maven.apache.org-0-1] INFO  o.e.m.c.i.e.AbstractTransferListenerAdapter - Downloading https://repo.maven.apache.org/maven2/org/tukaani/xz/1.5/xz-1.5.jar
2023-11-21 15:04:21,075 [AetherRepositoryConnector-repo.maven.apache.org-0-3] INFO  o.e.m.c.i.e.AbstractTransferListenerAdapter - Downloaded https://repo.maven.apache.org/maven2/org/codehaus/plexus/plexus-io/2.7.1/plexus-io-2.7.1.jar
2023-11-21 15:04:21,248 [AetherRepositoryConnector-repo.maven.apache.org-0-2] INFO  o.e.m.c.i.e.AbstractTransferListenerAdapter - Downloaded https://repo.maven.apache.org/maven2/org/codehaus/plexus/plexus-archiver/3.4/plexus-archiver-3.4.jar
2023-11-21 15:04:21,251 [AetherRepositoryConnector-repo.maven.apache.org-0-4] INFO  o.e.m.c.i.e.AbstractTransferListenerAdapter - Downloaded https://repo.maven.apache.org/maven2/org/apache/commons/commons-compress/1.11/commons-compress-1.11.jar
2023-11-21 15:04:21,733 [AetherRepositoryConnector-repo.maven.apache.org-0-1] INFO  o.e.m.c.i.e.AbstractTransferListenerAdapter - Downloaded https://repo.maven.apache.org/maven2/org/tukaani/xz/1.5/xz-1.5.jar
2023-11-21 15:04:23,061 [Worker-1: Creating maven-archetype-quickstart] INFO  o.e.m.j.i.AbstractJavaProjectConfigurator - Adding source folder /sample/src/main/java
2023-11-21 15:04:23,062 [Worker-1: Creating maven-archetype-quickstart] INFO  o.e.m.j.i.AbstractJavaProjectConfigurator - Adding resource folder /sample/src/main/resources
2023-11-21 15:04:23,076 [Worker-1: Creating maven-archetype-quickstart] INFO  o.e.m.j.i.AbstractJavaProjectConfigurator - Adding source folder /sample/src/test/java
2023-11-21 15:04:23,076 [Worker-1: Creating maven-archetype-quickstart] INFO  o.e.m.j.i.AbstractJavaProjectConfigurator - Adding resource folder /sample/src/test/resources
2023-11-21 15:04:23,409 [Worker-24: Download sources and javadoc] INFO  o.e.m.c.i.e.AbstractTransferListenerAdapter - Downloading https://repo.maven.apache.org/maven2/junit/junit/4.11/junit-4.11-sources.jar
2023-11-21 15:04:23,488 [Worker-1: Creating maven-archetype-quickstart] INFO  o.e.m.c.i.p.ProjectConfigurationManager - Imported and configured 1 project(s) in 18 sec
2023-11-21 15:04:23,782 [Worker-24: Download sources and javadoc] INFO  o.e.m.c.i.e.AbstractTransferListenerAdapter - Downloaded https://repo.maven.apache.org/maven2/junit/junit/4.11/junit-4.11-sources.jar
2023-11-21 15:04:23,792 [Worker-24: Download sources and javadoc] INFO  o.e.m.j.internal.DownloadSourcesJob - Downloaded sources for junit:junit:4.11
2023-11-21 15:04:24,066 [Worker-24: Download sources and javadoc] INFO  o.e.m.c.i.e.AbstractTransferListenerAdapter - Downloading https://repo.maven.apache.org/maven2/org/hamcrest/hamcrest-core/1.3/hamcrest-core-1.3-sources.jar
2023-11-21 15:04:24,344 [Worker-23: Building] INFO  o.e.m.c.i.embedder.EclipseLogger - Using 'UTF-8' encoding to copy filtered resources.
2023-11-21 15:04:24,344 [Worker-23: Building] INFO  o.e.m.c.i.embedder.EclipseLogger - skip non existing resourceDirectory D:\sample\sample\src\main\resources
2023-11-21 15:04:24,352 [Worker-23: Building] INFO  o.e.m.c.i.embedder.EclipseLogger - Using 'UTF-8' encoding to copy filtered resources.
2023-11-21 15:04:24,352 [Worker-23: Building] INFO  o.e.m.c.i.embedder.EclipseLogger - skip non existing resourceDirectory D:\sample\sample\src\test\resources
2023-11-21 15:04:24,912 [Worker-24: Download sources and javadoc] INFO  o.e.m.c.i.e.AbstractTransferListenerAdapter - Downloaded https://repo.maven.apache.org/maven2/org/hamcrest/hamcrest-core/1.3/hamcrest-core-1.3-sources.jar
2023-11-21 15:04:24,924 [Worker-24: Download sources and javadoc] INFO  o.e.m.j.internal.DownloadSourcesJob - Downloaded sources for org.hamcrest:hamcrest-core:1.3
2023-12-16 14:33:57,468 [Worker-2: Loading available Gradle versions] INFO  o.e.b.c.i.u.g.PublishedGradleVersions - Gradle version information cache is out-of-date. Trying to update.
2023-12-16 14:45:04,908 [Worker-2: Loading available Gradle versions] INFO  o.e.b.c.i.u.g.PublishedGradleVersions - Gradle version information cache is up-to-date. Trying to read.
